<?xml version="1.0" encoding="UTF-8"?>
<testng-results ignored="0" total="4" passed="4" failed="0" skipped="0">
  <reporter-output>
  </reporter-output>
  <suite started-at="2022-07-22T06:36:13Z" name="InetBankingV1" finished-at="2022-07-22T06:37:19Z" duration-ms="65642">
    <groups>
    </groups>
    <test started-at="2022-07-22T06:36:13Z" name="BankingApp Test" finished-at="2022-07-22T06:37:19Z" duration-ms="65642">
      <class name="com.inetbanking.testCases.TC_LoginTest_001">
        <test-method is-config="true" signature="setup(java.lang.String)[pri:0, instance:com.inetbanking.testCases.TC_LoginTest_001@5427c60c]" started-at="2022-07-22T06:36:13Z" name="setup" finished-at="2022-07-22T06:36:19Z" duration-ms="5216" status="PASS">
          <params>
            <param index="0">
              <value>
                <![CDATA[chrome]]>
              </value>
            </param>
          </params>
          <reporter-output>
          </reporter-output>
        </test-method> <!-- setup -->
        <test-method signature="loginTest()[pri:0, instance:com.inetbanking.testCases.TC_LoginTest_001@5427c60c]" started-at="2022-07-22T06:36:19Z" name="loginTest" finished-at="2022-07-22T06:36:20Z" duration-ms="1807" status="PASS">
          <reporter-output>
          </reporter-output>
        </test-method> <!-- loginTest -->
        <test-method is-config="true" signature="tearDown()[pri:0, instance:com.inetbanking.testCases.TC_LoginTest_001@5427c60c]" started-at="2022-07-22T06:36:20Z" name="tearDown" finished-at="2022-07-22T06:36:21Z" duration-ms="221" status="PASS">
          <reporter-output>
          </reporter-output>
        </test-method> <!-- tearDown -->
      </class> <!-- com.inetbanking.testCases.TC_LoginTest_001 -->
      <class name="com.inetbanking.testCases.TC_LoginDDT_002">
        <test-method is-config="true" signature="setup(java.lang.String)[pri:0, instance:com.inetbanking.testCases.TC_LoginDDT_002@15bfd87]" started-at="2022-07-22T06:36:21Z" name="setup" finished-at="2022-07-22T06:36:25Z" duration-ms="4014" status="PASS">
          <params>
            <param index="0">
              <value>
                <![CDATA[chrome]]>
              </value>
            </param>
          </params>
          <reporter-output>
          </reporter-output>
        </test-method> <!-- setup -->
        <test-method signature="loginDDT(java.lang.String, java.lang.String)[pri:0, instance:com.inetbanking.testCases.TC_LoginDDT_002@15bfd87]" started-at="2022-07-22T06:36:26Z" name="loginDDT" data-provider="LoginData" finished-at="2022-07-22T06:36:34Z" duration-ms="7426" status="PASS">
          <params>
            <param index="0">
              <value>
                <![CDATA[mngr164225]]>
              </value>
            </param>
            <param index="1">
              <value>
                <![CDATA[jahetAp]]>
              </value>
            </param>
          </params>
          <reporter-output>
          </reporter-output>
        </test-method> <!-- loginDDT -->
        <test-method signature="loginDDT(java.lang.String, java.lang.String)[pri:0, instance:com.inetbanking.testCases.TC_LoginDDT_002@15bfd87]" started-at="2022-07-22T06:36:34Z" name="loginDDT" data-provider="LoginData" finished-at="2022-07-22T06:36:46Z" duration-ms="12027" status="PASS">
          <params>
            <param index="0">
              <value>
                <![CDATA[mngr422687]]>
              </value>
            </param>
            <param index="1">
              <value>
                <![CDATA[syravUm]]>
              </value>
            </param>
          </params>
          <reporter-output>
          </reporter-output>
        </test-method> <!-- loginDDT -->
        <test-method is-config="true" signature="tearDown()[pri:0, instance:com.inetbanking.testCases.TC_LoginDDT_002@15bfd87]" started-at="2022-07-22T06:36:46Z" name="tearDown" finished-at="2022-07-22T06:36:46Z" duration-ms="256" status="PASS">
          <reporter-output>
          </reporter-output>
        </test-method> <!-- tearDown -->
      </class> <!-- com.inetbanking.testCases.TC_LoginDDT_002 -->
      <class name="com.inetbanking.testCases.TC_AddCustomerTest_003">
        <test-method is-config="true" signature="setup(java.lang.String)[pri:0, instance:com.inetbanking.testCases.TC_AddCustomerTest_003@543e710e]" started-at="2022-07-22T06:36:46Z" name="setup" finished-at="2022-07-22T06:36:51Z" duration-ms="5472" status="PASS">
          <params>
            <param index="0">
              <value>
                <![CDATA[chrome]]>
              </value>
            </param>
          </params>
          <reporter-output>
          </reporter-output>
        </test-method> <!-- setup -->
        <test-method signature="addNewCustomer()[pri:0, instance:com.inetbanking.testCases.TC_AddCustomerTest_003@543e710e]" started-at="2022-07-22T06:36:51Z" name="addNewCustomer" finished-at="2022-07-22T06:37:18Z" duration-ms="26943" status="PASS">
          <reporter-output>
          </reporter-output>
        </test-method> <!-- addNewCustomer -->
        <test-method is-config="true" signature="tearDown()[pri:0, instance:com.inetbanking.testCases.TC_AddCustomerTest_003@543e710e]" started-at="2022-07-22T06:37:18Z" name="tearDown" finished-at="2022-07-22T06:37:19Z" duration-ms="262" status="PASS">
          <reporter-output>
          </reporter-output>
        </test-method> <!-- tearDown -->
      </class> <!-- com.inetbanking.testCases.TC_AddCustomerTest_003 -->
    </test> <!-- BankingApp Test -->
  </suite> <!-- InetBankingV1 -->
</testng-results>
